26 0 184 164 7 294 162 260 285 156 96 174 239 282 3 170 48 101 131 98 223 55 71 126 272 84 257
30 167 296 249 159 127 15 187 57 200 245 230 128 146 254 121 117 195 89 90 235 201 205 292 141 206 279 94 169 274 183
26 168 41 212 148 276 227 56 38 213 224 284 185 82 111 73 42 119 112 242 145 297 231 262 240 49 132
26 180 85 203 95 225 263 261 63 232 188 29 217 271 207 197 237 76 25 35 78 104 155 154 229 293 175
23 216 88 259 136 290 198 226 21 28 204 68 11 160 10 124 255 31 106 66 288 97 1 151
26 34 275 103 24 13 218 18 19 79 166 277 241 214 295 27 6 283 118 5 16 196 17 120 186 143 208
26 54 80 246 133 273 74 129 91 39 40 202 158 191 177 147 93 81 219 266 142 228 233 178 52 173 130
22 108 75 220 58 107 267 113 102 14 50 298 22 269 70 139 20 265 176 251 256 211 2
20 116 72 286 210 92 150 60 53 32 244 243 163 83 248 250 12 215 30 135 247
21 87 4 299 62 137 144 281 222 64 26 209 61 190 287 181 289 280 47 270 189 165
17 99 8 161 105 125 172 122 268 236 140 138 238 51 152 37 153 149
15 110 134 193 171 44 157 86 253 23 45 264 182 100 194 278
7 258 114 291 115 59 69 9
5 109 199 67 46 77
3 192 252 123
1 43
0
0
0
0
0
0
0
0
0
0
0
0
0
0
0
0
0
0
0
0
0
0
0
0
0
0
0
0
0
0
0
0
0
0
0
0
0
0
0
0
0
0
0
0
0
0
0
0
0
0
0
0
0
0
0
0
0
0
0
0
0
0
0
0
0
0
0
0
0
0
0
0
0
0
0
0
0
0
0
0
0
0
0
0
