21 2735 1335 6663 4143 6916 6228 5868 1866 741 6658 7114 2718 5284 3242 6153 7992 5057 611 4490 7953 6487
30 6689 6466 3549 8962 7109 8274 9180 4643 715 1407 1248 6163 6932 3811 9611 6764 7788 7651 3570 5427 1395 8966 6104 2933 3198 995 5138 5545 6505 3984
29 3090 7429 7499 5716 7401 622 4214 1066 1273 271 4693 3170 1803 7483 1885 7449 2903 5850 5951 9342 8972 8900 3492 6968 2361 1662 587 1809 6191
11 1209 7928 4307 6381 9563 7028 9052 2784 3608 5352 7773
22 5018 8878 580 7846 9190 5006 823 6475 6662 2314 2368 3086 2088 2394 7566 9793 4434 9129 3523 913 8808 2628
18 9313 2356 4637 2559 585 5424 2313 7455 1353 9670 864 1651 1421 8088 8397 7304 4817 8046
16 2519 7957 474 4842 1560 7329 8728 4546 6558 318 313 3936 7813 9921 4614 8684
15 549 6541 1724 7862 3119 6669 7014 4406 5042 7849 3290 7351 2875 5372 6686
22 4525 8773 7940 6352 1967 9043 1501 1448 614 7396 6431 1011 312 3244 3609 1824 7744 7261 9756 1064 2704 1619
19 5934 4618 8758 3430 7709 1530 7226 7019 4656 7103 6580 1686 5156 5511 3116 9754 9919 3234 6610
19 4679 1949 3565 1693 9353 9246 709 2076 6426 3865 847 3507 2693 1435 4961 9911 8634 1445 5573
36 88 5497 187 6198 4058 7929 6199 7140 6493 8406 6849 5034 113 1838 7379 4965 4714 1531 4343 4357 4009 6674 2279 7385 1780 4582 94 5936 1926 2372 5736 1322 4983 5883 1680 4095
25 2465 3307 2135 5769 6039 7926 8228 2808 2438 683 9408 2495 434 6146 613 9798 8132 5897 3681 4473 9850 1404 1576 2457 2253
34 519 1776 8950 8489 5304 567 2917 2695 9402 7471 3294 9951 3249 2904 3029 7282 8189 607 3215 7043 1561 6251 7653 5416 9524 2825 1936 31 2007 3185 4760 6944 2318 1653
25 4309 9325 7965 2432 9679 8520 8086 8459 7398 3067 961 6418 3368 6454 4016 6425 1735 364 9750 1262 3792 3884 707 4023 4865
7 5970 672 6031 7097 1817 4476 2563
20 4839 6277 1543 677 6695 3743 606 3607 8204 489 7108 7113 4853 2541 8753 5410 3665 8818 7335 3237
30 5324 713 2986 7799 6724 2944 9636 493 4815 2320 2061 6480 8237 4930 5582 7718 6733 8498 1342 5326 559 7836 1726 1292 9271 6943 6365 265 1718 3274
22 719 1977 6956 2635 2738 7643 5619 9130 2769 3305 4211 541 1218 2923 5804 2732 5832 2851 6520 556 2070 9451
15 423 4008 2720 1135 9231 2654 8051 4454 6267 6773 1877 54 2998 2298 8907
31 5335 8175 5445 2247 3555 9291 2316 3276 7993 6740 5377 3193 6793 2109 3352 8909 6306 8961 4581 2705 281 2650 8242 7473 1990 1035 1375 7136 3115 9865 7834
28 4758 3817 2576 2941 5299 3371 4687 1113 3168 4635 4387 1013 166 7840 7665 1365 9132 7883 9799 1246 1706 5661 3745 4484 6934 5339 8980 7906
23 3580 8102 3655 8731 6877 1489 9267 9890 6786 3138 8637 8715 3291 1416 2966 2534 2046 299 8790 1258 3730 994 7649
24 6252 984 3697 9556 326 8224 8486 4123 3315 3829 3613 6429 5233 3678 5925 7734 9221 4408 5989 3447 8156 2257 1082 7450
22 1867 9675 8395 920 4742 6780 157 9207 7889 5237 6952 3575 2975 4056 4428 6327 7347 2486 3809 3310 5629 9196
10 6822 7070 8840 8420 5649 3475 1860 5457 1048 1339
8 1178 1111 9604 4958 9487 9920 5885 6544
17 3055 8477 9121 1411 8905 3186 7022 5916 123 1760 149 9266 1974 9088 3637 9726 4239
12 8890 9579 4898 4504 4067 8501 6489 9398 2795 1659 5555 5037
34 6002 4855 4059 5300 9550 3468 8324 596 1369 4327 8030 6446 2118 9874 5039 6000 8624 4400 2719 5552 4299 3980 8360 426 5482 5607 4118 4492 3703 1720 3762 5524 5493 9404
15 8292 9449 2031 7435 2036 1352 5779 7466 4937 881 947 7195 7262 2990 6591
41 7475 5086 1315 268 9084 6654 2774 8736 7088 7561 5971 1010 9485 5690 6159 4497 6741 5394 5650 2498 5031 255 4433 3801 6830 9603 2066 1708 6651 6592 7803 5459 2671 7509 7409 3140 6917 5190 5438 6693 3931
19 5235 3988 5341 3692 6815 9733 8559 3471 9852 726 4071 1524 9633 5054 9345 9845 3770 2324 1880
39 9409 2883 7956 117 5161 8509 3025 9685 6656 9820 2942 4537 6473 8823 3512 3149 8796 1587 2640 2771 817 4749 8536 4828 1834 4371 6235 3145 1670 345 6542 2059 60 3700 6070 1495 4600 4542 5456
25 2920 2015 211 5426 2388 5875 5514 601 5373 4032 3962 9428 1959 262 573 2945 953 2149 7785 5595 5010 7878 8137 7393 5790
36 4094 1097 5860 273 769 3167 8564 6044 789 7314 1640 8902 951 4384 3354 9089 2745 4787 8440 5556 714 3231 2274 7082 3684 4612 7897 2097 2655 8240 2879 2002 5784 5454 79 1086
18 3629 1305 8670 3767 7003 8248 6050 5030 644 3019 1906 1643 9568 6177 2868 7603 4192 5127
30 9752 3869 311 5954 3451 7342 9981 3663 8546 6363 3977 4997 3878 806 3670 6588 781 5135 1329 8579 1611 8441 1249 2035 5274 3026 7416 1892 4315 5538
28 6670 29 3444 700 7064 4346 6783 9020 3546 9003 3855 1105 3338 894 7966 738 1183 4950 9708 8467 9849 3206 1935 221 7202 7996 5836 4978
41 1757 7952 3030 6767 6901 6900 7186 8739 109 6420 4003 7434 1843 4882 5698 1655 3403 9357 8026 8574 8419 6728 6436 4634 3981 4942 1886 7735 9822 4152 4265 4680 9746 2830 9193 4813 7144 2698 8221 6761 1452
19 5440 6961 8675 4601 3321 3774 5570 2844 8427 9443 858 3106 7290 648 6242 8311 4277 6997 3871
31 9514 222 2571 2008 4788 1227 658 9864 208 4101 7512 8617 767 7490 3098 6103 7352 733 6940 7006 6528 9739 6075 264 4174 6635 1092 4425 5077 1805 5688
27 563 8973 560 4481 2187 6357 782 6283 8416 6905 4119 3155 5919 9509 2494 3423 8381 4448 5266 1044 2080 49 859 1244 4732 302 8654
14 7657 4494 4894 7227 7671 8810 6230 323 7264 4501 6606 6715 7489 1293
45 8708 4435 9619 9626 8698 9698 3564 9305 7141 2788 7864 457 9503 6450 8713 7574 141 640 1913 4150 9322 7205 1255 9949 1289 7354 6709 8738 6443 4110 3485 7447 2367 5917 2631 5630 6691 1798 4531 366 7985 234 9555 3664 9309
30 9847 9283 9581 2327 3457 6843 666 2184 9018 1443 2335 3079 1982 670 9039 8366 8525 1171 4459 2139 8140 6759 6448 108 6158 8908 562 4568 2786 3107
13 9913 502 846 1634 267 2831 5267 3439 3760 6644 2030 9606 2853
8 9976 3654 5858 6609 23 4700 2658 1254
15 4078 8342 7716 3246 7590 6632 5144 9203 5987 2175 1056 630 6545 4332 231
37 8310 9888 1005 9979 957 5693 5027 1323 3176 6263 5425 8426 4493 8421 4398 989 2898 7679 1325 40 3992 5908 1541 3081 3504 171 9308 9174 4707 5512 5109 5494 2764 9119 321 181 3517
35 303 7040 8703 4495 8179 1414 7687 3333 2748 5049 8254 1588 8029 9199 8338 507 7691 1081 1937 9872 518 6036 2308 2343 124 2496 748 4633 8515 2301 5204 1400 6124 5179 1277
25 1138 7399 3281 7911 4536 1438 2838 4583 8277 873 3292 5532 4092 7411 454 5984 7089 2440 8837 5949 2593 9099 7100 1881 1547
13 7013 8345 85 9381 6274 7921 3272 9624 3728 1849 4339 5953 2090
30 9707 9216 6649 9187 19 8587 1512 6913 9109 5491 7682 7636 1859 9177 8560 1098 7267 524 1682 5763 8064 7139 1606 331 1788 4272 6335 8888 5563 1107
10 7861 372 3103 2912 3253 1888 9935 2278 2736 7376
27 5192 7913 5359 849 6927 3531 2333 6279 9980 7770 3754 4566 112 3351 7498 4082 3187 3330 9875 4518 866 1645 9955 6895 7789 998 2243
23 7463 3578 5679 5913 8981 2192 4584 6416 7012 2085 6948 2636 6791 6790 4176 4513 7348 1661 4284 7295 5130 1801 7696
3 3696 5815 476
20 4377 8518 734 4948 3311 4648 3409 7637 5535 5818 3579 3602 529 7737 8209 5400 6155 4074 774 8253
12 6412 1040 7468 712 6464 5095 7402 3819 9759 525 4269 1758
35 2949 4379 1993 1269 1773 409 5626 1792 8989 6647 9702 9105 2468 3163 2144 7099 5986 6264 2186 5677 6315 7371 7545 7083 1490 2475 9446 6461 9390 5364 759 5944 9176 5874 4185
18 3442 6831 2020 7640 554 4066 6485 7711 1192 8394 4517 5544 1878 9794 2258 9488 7192 2814
15 6403 5756 5678 6380 9628 2075 3773 7812 777 9062 5810 2561 641 5597 1288
12 3156 7119 7293 5902 5387 8262 5245 8786 7810 4720 9680 3202
4 2384 7194 7672 4301
19 9393 24 3693 7020 7346 5250 7065 5317 3635 243 3503 5013 8781 9257 8048 1654 3959 4203 2586
27 1515 8640 4098 9523 3667 6139 8965 9392 3331 105 8067 4106 829 9222 7723 5349 7538 4237 9076 1172 7814 1898 7315 8363 8222 4393 9290
33 1992 297 5402 9411 2603 5881 7198 2512 2915 206 513 6634 977 1835 2857 1564 9574 3789 5608 4351 152 6726 8245 446 7480 2223 7378 4540 3224 5294 8163 5760 5078
9 6807 84 61 9901 3049 3358 8231 8969 6960
14 375 6160 5343 3005 6607 9011 2511 306 4811 9115 4350 1360 7606 431
23 8329 5598 1664 1194 6189 2589 2605 9477 1685 7847 7197 7562 7081 6238 7359 652 9059 9438 7221 163 8891 1542 3035
33 9140 5381 2429 6965 4090 3640 1625 1605 4781 6168 6053 8614 4940 1324 35 5662 7762 3597 6181 5864 5419 8050 3247 2400 1946 673 2849 5002 5131 4925 3028 1327 3153
29 6706 445 1833 1815 1447 3826 739 1874 2209 3370 2246 6581 7510 7817 5019 7886 4403 2909 8349 9618 3387 9616 8802 8602 7054 4364 3711 8332 4886
36 5717 7318 3239 3245 8458 2507 8323 7546 7572 8848 9182 4880 6601 4170 7787 3462 7211 716 544 8504 74 3277 6386 8288 217 8097 7280 2485 2226 4900 2836 9371 6112 8526 5618 6690
16 768 9090 7319 6529 8915 9654 315 2711 7690 4593 3802 4376 1580 9297 993 7110
21 2869 4829 5382 2649 8598 8291 1854 9021 1548 4576 6022 5549 9719 2579 7338 4116 4909 9781 9448 5988 632
18 6115 55 1978 3647 5384 2189 2328 6142 6388 2202 8197 4766 7989 579 2816 4218 8625 8301
27 568 6633 6456 7891 7373 4233 950 1879 8791 6985 1676 8160 4278 1121 2916 495 9489 4773 2024 4943 3399 2823 8082 5325 9650 8267 3586
15 5406 1563 3325 6818 3906 8111 2533 6086 8340 3926 4926 5731 1731 7527 4951
13 1528 610 2828 6502 8787 8302 7210 8967 3536 5687 2145 1615 1950
6 583 8184 2128 4347 7316 6190
7 6321 1 9884 1463 7542 8422 8572
23 7877 5222 6269 3410 4260 8435 874 8020 4194 9128 7710 1777 6886 7927 498 3905 7301 3345 8616 4250 2994 9251 722
19 6424 6912 2132 1179 3062 2557 3940 509 3293 5094 6511 6397 6432 9413 4812 4757 5599 3856 5707
11 8578 2480 9341 6567 6548 3300 2552 7842 2978 9181 5979
31 7229 7188 4475 6150 1908 417 9046 4953 5214 9947 2927 9065 66 4677 2122 618 5268 2086 6727 3074 6270 453 4831 7408 3864 9600 4922 3240 5753 7044 9599
2 2418 7678
17 4586 1332 3008 2714 8783 2401 8425 9805 4661 9602 3680 4405 245 81 5914 129 5071
3 4644 3539 6349
29 6694 9405 8484 1609 3236 6110 3147 5008 8601 8855 2856 1743 5701 8833 8665 2043 7425 9662 6661 3484 5401 5257 2307 3132 7918 4641 4691 955 8648
11 219 2176 5475 9212 2968 3243 4000 8998 9601 7105 2544
13 8271 6794 1883 9347 1384 696 1973 5155 5062 7098 9163 9863 7909
12 6361 2531 477 5727 4706 2791 9768 842 9452 7948 9569 1823
23 1794 8213 1784 8932 1630 4437 9544 5654 5369 5554 435 2198 442 5724 4585 3319 3694 8819 5375 3948 8881 1163 5513
21 394 9166 1170 3596 9985 2881 5089 2536 9385 895 6261 9639 9229 6462 5642 4893 5180 1182 4629 558 2620
15 2296 3197 5991 6154 5927 2562 4222 4402 8234 6614 1744 7955 2287 869 5592
9 3708 3750 3124 7532 397 6996 5910 6444 4471
10 8227 1582 7981 304 9145 401 6911 1614 5587 1868
23 4877 7320 9996 8449 2641 7975 8573 1674 8521 697 210 8285 9282 9483 362 2488 8226 4729 7281 6011 20 3128 2746
27 3527 5227 5358 1734 5990 2681 4352 2330 1203 3428 3433 7904 5627 1237 1740 7727 3392 9332 3526 9124 7423 7051 6881 4079 4678 7964 5125
20 4873 2297 6910 8918 6856 592 5350 7497 576 1270 103 4751 1157 6986 5659 226 6358 3184 5828 3286
16 8149 6135 7325 932 9279 1851 6847 9169 8712 4188 8626 3978 9323 6872 9439 8178
17 8630 1492 9406 5393 2293 7779 8493 8807 7907 5101 6951 4870 9170 8513 153 2229 6018
35 5218 2424 1637 3990 3849 5856 482 3148 5955 4575 8128 3732 7580 8774 9666 9964 5158 6907 8348 589 4847 2832 8828 2201 1712 7170 5960 5048 7673 8282 667 5399 4271 3218 9766
23 1228 1406 1852 6457 5213 6404 9137 2123 2425 2212 7291 9040 8780 1484 5974 8942 4215 4785 6775 8552 3576 4108 4795
24 3918 1372 3651 2422 7129 9463 4255 6851 6989 1106 9457 4163 8644 6218 1700 1523 7148 2997 4317 8199 7722 9525 845 144
35 4984 9473 3951 5510 328 3024 7156 5748 209 7152 6360 3947 649 2776 4800 1904 2173 9539 7633 5133 1782 2739 2749 801 8041 1083 6810 7095 9699 602 3427 3059 1699 1093 5423
40 5615 2233 945 7585 2026 9640 6340 8187 2482 9262 2967 617 2754 867 5045 8494 3038 4550 1291 7216 803 9697 8318 5428 7642 1116 3273 9535 5930 5319 7863 8216 5676 8337 391 840 6246 6492 6918 2508
23 190 6123 699 902 4223 2928 9286 4910 8629 1260 4867 1474 2470 7503 7187 9804 5658 9361 1461 7178 369 2325 6753
34 3540 7553 5487 3317 8021 448 3830 146 9819 2250 2518 4990 7874 120 4491 2048 1012 6681 4764 8755 600 9366 8592 8944 2965 1704 2188 8006 5248 1905 2427 792 7969 5286
27 6745 1245 1601 5234 3165 720 2011 4558 4686 7610 1876 3946 7627 4746 959 7923 6543 1117 7774 2692 294 4460 5625 4901 831 9391 7615
23 2166 5808 6924 9691 1002 3685 9837 4470 7933 5992 9533 3178 2290 9239 5741 8633 1698 1205 1951 6423 2449 8879 7487
25 7612 7287 7180 4885 2742 1689 802 439 95 3047 1386 1272 2937 8882 3721 9492 5699 9186 101 3349 8165 1095 2595 6676 8235
34 8557 2079 3208 6752 4208 5746 3601 9815 1628 1460 2352 3066 64 2781 3493 4871 2180 2065 4105 6319 6855 3659 5288 9605 7032 8600 5151 2855 1274 9840 6595 2130 2492 3631
14 9649 2357 6377 7854 8946 8126 5242 7855 1301 6371 9431 8091 9126 3612
32 8290 2147 9104 7465 7442 965 8795 5182 2523 8785 2817 3818 2612 3075 5389 9498 6722 771 8937 9028 4262 6180 356 6866 7658 5355 764 8554 4904 5817 702 7586
18 8024 9974 4414 4467 7534 4415 5621 3968 628 6732 9597 5385 158 4859 4488 4022 8606 3204
6 3257 9459 5813 3359 3771 3688
22 8711 9232 4939 816 8597 1840 256 1727 3161 5739 4316 7454 2491 4564 7350 4570 3000 6524 3440 910 7 2843
24 8158 6884 5295 854 6200 7387 2095 2630 4029 6619 3285 8638 4947 2713 3846 4638 8697 5303 7620 9455 1049 8358 407 4321
11 6329 1024 3329 3891 1251 7117 1054 3972 4502 168 5982
12 5743 5332 2439 3625 4879 8571 6384 925 9918 8443 2848 170
14 5948 8376 1090 5721 933 4154 5771 1430 39 3496 1050 4770 5877 7972
27 2538 9191 1984 7428 4848 4225 9562 4410 5500 7686 3414 4035 2077 8772 2639 1193 6757 4213 395 11 2513 8164 4906 5674 2236 905 8047
33 7230 3459 7357 6164 1869 1240 9586 428 7191 643 1104 890 7120 9729 7248 151 4690 4453 4845 6707 2340 3912 8218 8478 9034 3634 4963 4077 1333 7382 1952 7611 4177
35 8055 7704 6068 2520 9412 8198 5710 9743 7668 3795 9944 9100 6652 9101 4297 3895 6078 4221 2397 4235 7635 1368 2500 4639 4480 7478 257 4998 5202 7138 4755 8612 4268 1336 2659
9 3758 6304 5112 2539 7631 3885 3542 3051 2591
24 5113 6747 1100 9274 2963 1970 8868 8309 9705 9546 6498 6749 2600 7576 2525 6719 9226 4356 6313 3476 9388 127 2960 6517
17 627 8566 1363 277 6742 4602 3875 5562 8108 5611 4409 6094 7071 9016 6878 8577 1626
36 4959 3196 3160 892 8073 3833 6034 4064 9871 100 3199 608 1168 5120 6134 6808 2959 8576 826 4543 4461 5383 3076 3832 4457 335 6095 471 205 1036 16 4310 5666 805 1150 1958
35 1593 2899 3461 8370 9559 2426 4202 7567 5453 9657 3194 1326 8505 1201 8659 8926 2041 5188 7370 9324 1486 9143 9437 5035 5529 7721 5412 6594 3662 7215 9942 6045 3369 6701 1204
16 7116 6735 8784 825 7870 5732 3191 9769 7246 3646 6413 9165 5996 118 2415 9954
34 8586 7224 7638 3991 8766 3375 2000 5189 381 9394 9273 1276 1453 6223 7857 4843 6920 8099 3007 3446 2434 8475 6495 2047 8860 3039 6187 9331 7593 7669 8455 8997 1131 7519
6 4511 6455 4112 9927 5891 8308
16 2006 2143 368 6378 2684 8284 8335 8202 8971 973 1091 6496 2725 750 8895 8893
17 2436 8447 3490 3200 7557 7355 4439 4322 7107 8186 5671 4971 5126 8141 7624 4005 1374
12 8699 3572 1635 8104 5480 9997 9745 5461 731 59 4041 3897
14 7575 9471 9571 5793 359 8356 5098 7395 82 5432 8540 936 2170 8499
9 5572 5466 7804 3911 5918 1021 7771 8139 7182
10 7104 7677 4794 4200 2566 7451 4246 2626 3105 2573
30 400 9965 248 8157 9757 7579 4666 4872 2235 2753 2054 7167 9209 819 793 3592 9998 1624 1762 5099 3568 7547 2733 5740 9542 5772 6781 1287 5811 8070
34 5744 9851 9813 9306 6875 7876 9557 6825 7732 3092 9595 7604 3862 5584 2178 2810 3699 9378 9643 5963 6337 7790 8749 1032 2091 3235 3661 664 5749 3040 6568 603 8463 6300
22 3384 8792 7196 6630 8079 4944 2505 9012 659 9482 9225 1753 740 1690 6234 1810 3525 9541 5321 2344 747 1140
10 2106 499 6066 3213 7474 261 8669 235 4892 6090
34 3104 1177 7372 6307 6021 3779 9830 691 5816 3746 1598 8928 4636 134 7745 4541 7582 5882 7034 9531 3308 7121 9502 1152 2493 3642 5873 5644 5162 8008 8454 4719 7002 7307
22 5060 1778 6904 5862 4335 5374 5298 3158 8846 9086 8036 7526 9157 571 9885 7708 7832 3014 1575 2880 3713 8674
11 9087 5517 6192 5983 788 3383 7059 1961 7123 710 3064
21 3424 6206 3334 2261 3420 4807 6836 2661 2799 4645 9346 9732 2363 21 5011 1173 3284 7577 9922 9931 1507
27 8979 1697 8434 481 3426 7867 645 6966 9761 3993 4084 8991 6915 6824 3828 9047 2155 4589 6166 9197 9074 111 5964 6991 2502 3965 1226
13 4455 9320 8328 4624 5920 3022 1223 7172 3232 5344 2288 5272 3820
15 3976 8892 6409 3114 3050 2497 292 7386 6523 9364 5909 694 5102 8565 6527
8 9495 3910 1208 174 6521 8461 9277 4779
12 6004 9806 3739 7882 1509 3949 8667 2323 2393 8063 4857 2346
35 9401 4164 200 2783 8464 7092 4372 1355 5766 1250 4920 1864 286 3866 2972 7203 969 531 8058 121 1709 1119 5103 4631 1389 6303 4380 2218 834 3627 6311 6687 9467 2521 8131
19 6239 2074 6128 1955 7209 6615 1537 6703 9833 872 5141 5596 1826 9771 9782 7783 5110 9120 6828
16 661 2957 3603 9925 7153 6174 9399 340 5791 2034 3180 9494 165 4311 8778 980
26 2230 3129 4507 1186 1797 1239 9133 3524 9712 3752 865 1513 2760 4768 7247 1818 9843 3876 2873 7753 8162 6533 6266 1732 5230 6919
16 8548 9316 41 4080 5829 6316 6584 4137 5695 1346 8300 2717 7924 6522 6578 3491
22 8978 6756 1206 8815 5603 4682 2452 2042 5479 347 220 2255 7124 1483 4313 3577 6477 6217 926 1174 4057 7042
20 7768 9744 1233 7994 4088 6280 5422 5170 3759 4588 3071 8704 7035 8943 6664 623 9311 4962 2238 9312
18 8203 8462 6804 565 9030 3842 5477 7085 7662 8038 2174 8691 8446 7446 7394 4852 9379 2430
8 7792 1142 3396 2305 7683 1647 3537 2660
31 4935 6296 6536 4657 9045 8219 7323 9071 4355 1667 9516 30 4658 5212 3465 9444 1761 1217 8109 4912 1166 7125 4559 6935 2211 2656 5033 1347 7641 1540 1510
33 4184 6410 6208 2787 4485 1491 2377 5124 8595 8491 4798 6771 1985 8018 6926 1034 4881 4004 903 8060 8322 5081 8456 3554 2294 9218 4864 8305 1487 7559 1285 1691 7950
24 1030 7406 3510 6338 3614 17 6289 8811 7419 8776 9337 5863 9423 3309 804 9664 2469 4242 8327 7074 9259 5474 7133 3712
18 5890 5636 1830 6879 1236 5681 1361 1648 8476 4738 6696 2987 4165 4688 7898 5842 5531 6507
32 3989 1267 9144 9575 419 9116 8530 1729 6503 3263 3477 584 852 2160 9026 6953 8116 6137 7982 7299 5778 5329 551 7917 5320 5831 3998 2450 8623 7024 3223 1136
25 530 9627 718 4830 9751 8298 7337 1348 3220 4472 4964 2740 1029 9941 4762 815 7500 595 6214 4438 8885 8528 763 7017 8364
31 4833 1995 6003 212 2999 1527 922 159 2167 5952 2842 9889 2057 199 6268 7256 8383 2793 4647 4533 3013 62 5176 3558 4419 9764 6390 1210 2623 8211 4197
31 4196 5887 1252 5025 2577 9738 4099 5495 9963 7274 9230 6868 8821 1650 8074 5747 4692 7797 63 7822 9056 7974 4660 4019 3415 5388 107 7667 5508 1202 3797
37 2642 6125 4207 5602 9068 7811 5452 8257 2206 3421 6806 46 7750 808 2547 1075 7286 5981 7879 7155 1820 7238 4251 9661 4721 5786 971 1846 5468 5395 9168 8613 7978 9024 8280 2169 9005
17 8832 3017 9613 284 2382 7096 459 1415 189 5593 4144 3299 7273 4974 8392 6427 3207
21 9469 1313 8133 5347 2112 1942 374 6247 2291 9972 2645 458 7094 4915 6478 1850 1673 7728 3099 5742 2038
12 9255 2690 7934 2464 6648 3270 2409 4195 4011 5653 1478 8120
10 3362 5417 3474 3701 6589 2406 8673 8428 1603 7809
27 2455 47 2056 7884 7535 6716 2984 8857 4073 279 2956 2299 7599 1622 2841 6586 1925 5178 605 6294 1312 2890 2594 2210 6702 4399 8543
19 4109 6202 730 9512 2551 1529 884 3707 4086 351 7031 6302 9783 746 6212 4474 914 2353 6288
30 3068 6245 9002 6903 5069 1508 4366 6255 7239 1071 4856 4985 6680 1957 4212 5924 270 3348 4946 139 3641 8714 8169 7008 9690 8168 4545 6295 8100 9854
29 4630 128 9696 3786 1518 3557 2896 7208 4227 1417 9912 4613 4689 7806 2535 5872 3450 1786 1296 4567 7871 5353 8689 3545 5418 5561 389 6795 1306
17 2657 4980 3821 4421 665 753 3036 5799 8040 5088 9424 7680 1123 1787 8788 1087 6518
20 7648 4048 7630 2596 6622 7130 4486 6130 4114 4498 6992 3412 1759 6653 4149 6310 3322 9069 1579 9354
6 5540 3381 2977 7168 1259 835
17 3188 5507 4703 5686 4836 1480 8645 979 1746 2121 4884 5092 9880 6829 3917 201 9515
23 2782 1986 8410 657 1331 4756 4819 137 9784 6116 586 6231 4505 5594 3624 8655 2069 3162 1149 8251 6616 5460 7731
32 150 2973 6711 4863 9042 6029 5656 6587 7364 6041 7573 3765 1199 2345 3323 5249 1714 6272 4440 3356 2796 3479 6637 1351 8983 1059 5752 6046 4303 3887 2410 7820
32 9543 1200 8835 4673 8093 7255 9617 7232 6216 1884 3623 1660 821 1309 3782 3258 8952 5140 6560 9295 9957 4524 3902 855 4808 3041 6193 1663 5647 6500 6569 9215
23 6765 780 6293 5437 8500 8800 6705 1016 928 9110 5313 8584 4368 2895 9883 8387 8275 7297 6509 7146 8594 2617 8925
14 9078 5205 6718 8146 6710 5711 8155 3073 6744 5530 8400 4936 7910 5067
26 5307 7253 5285 135 674 5557 4532 3974 1297 8903 1393 5715 8627 1781 5228 7511 2302 3001 8206 1812 8174 7946 9971 5046 1408 4013
33 3541 975 3632 4869 4028 6076 1721 8273 6345 3761 4456 6642 9612 3201 8603 5462 4388 7321 8621 6375 6504 3841 213 1717 952 7945 3018 8269 4500 1594 2689 4337 5775
32 332 6012 6526 5036 1550 5193 7778 9276 862 7796 4552 3799 5534 2341 1819 7819 6083 7875 9211 7027 3582 198 9338 2946 9294 4982 9956 1966 4446 2770 1552 5311
30 8207 9869 9164 8042 4806 9138 9897 8403 330 8551 2613 9734 3150 4043 2936 503 6937 9001 5768 9553 6684 681 3854 5826 534 9123 784 143 4908 2185
22 4717 7149 515 8992 6006 4289 3967 6938 6869 7639 1028 1476 4161 4444 2195 944 7349 1153 8707 204 9635 8414
29 2780 7102 164 8085 9464 300 415 2809 8182 3077 5704 8524 9440 3372 9894 3438 7743 72 919 5283 7160 5345 9468 8013 4672 8196 6080 5774 0
21 4665 8346 655 5240 9681 6842 6638 615 8682 832 3615 1994 8984 5082 6120 2802 280 6359 8843 1175 3341
28 5282 6220 6356 3666 8575 9419 5516 6089 6062 1872 4824 7757 4135 9706 7462 3171 5938 195 5703 9772 7591 393 6035 7391 2408 5973 4047 5449
30 5541 2537 6430 2207 3502 462 7628 5620 6896 52 5238 8289 4899 6975 7726 5958 6777 1696 7848 6299 9093 577 3979 3312 1007 7163 2371 4305 8044 9999
28 8382 9382 3921 3966 3594 2663 9429 7492 9135 4404 907 3798 5040 115 8177 9185 6483 1069 6056 1765 964 1577 1964 5796 6028 1882 4189 807
16 7249 4826 5712 8059 6474 4913 6762 8990 949 8995 4617 7145 7506 2376 2905 5536
13 4761 6922 4153 7663 380 1733 6969 1553 5211 4988 8105 22 492
30 1804 4228 9735 6399 2270 7278 9844 4085 9208 4628 8743 3487 985 3610 2804 2553 1687 5490 2204 7328 1337 3464 1748 7345 1127 9932 4741 3741 9915 4018
28 1221 533 7190 7236 6305 7912 4503 6832 4709 350 8014 77 5271 386 6262 7046 3363 7736 5264 7776 5051 8369 1894 7303 8838 44 4916 3063
30 8351 7086 7554 6942 8588 6984 4615 3930 6333 8353 1264 2614 1790 8883 5052 9665 9527 4039 2459 6346 2404 7767 8732 654 2985 6136 6278 2337 8087 9834
26 5017 9549 4973 6967 2653 7150 2264 8864 7513 5004 5622 3847 4674 6061 6114 8721 4609 5015 6827 8276 5463 9217 9960 1722 3172 4509
10 9631 9252 8077 3823 8841 8741 1063 7486 2044 2951
10 7430 1399 9609 4522 3950 9384 8123 7311 9334 9668
29 4349 290 5719 1627 6729 6484 3904 4957 9242 4293 991 6064 6486 5104 5568 1965 6510 2428 6049 9098 7688 8809 5198 3080 274 3275 4348 1080 9811
19 6265 3816 5668 9620 3879 3058 8094 7456 3621 4767 5564 2248 7339 1420 4006 3837 1479 6994 5788
27 8448 4020 8856 2992 3083 3054 4024 2543 2969 9284 1934 7516 5583 1045 5073 2478 3091 7652 9592 2334 6867 4579 9301 5867 4191 7476 4841
28 5757 3411 7243 2570 2399 3566 9647 1110 7730 7479 7793 9167 4449 319 1235 8110 1516 8496 8004 8017 7827 5823 2433 4747 5937 8503 9025 3347
29 7666 3585 483 172 3605 7312 4007 761 2731 9678 7764 9641 1294 320 7164 5956 6204 889 1187 1632 3137 3511 45 4030 8061 6032 7968 2251 9461
18 5090 1500 7000 7162 7344 8272 5123 1568 1695 6980 8822 6720 8533 2747 7951 3020 8319 2897
28 4875 956 856 5892 2442 92 9926 5803 5663 4834 7777 1176 3731 3432 8511 5068 1181 8516 8922 9978 7979 7053 8124 2643 5148 7530 9253 6
14 839 5888 2216 57 6538 4786 2556 1963 4070 1623 1865 2373 432 8865
14 6547 7685 3112 5371 5492 5506 6301 5946 5912 13 6099 5485 3378 8847
17 7602 3108 9349 412 238 538 3227 8762 4745 451 5767 1514 2113 2158 6853 3413 7742
31 5777 6550 5503 9118 8037 8951 2140 9537 7697 1595 660 6699 5470 5050 9407 9900 1656 1457 6561 207 9877 860 4226 7959 7977 6317 2638 1120 9711 7189 5434
30 3717 6186 8653 908 2272 1428 2504 6858 514 2634 5959 449 9480 3152 4055 1822 8136 4155 6077 6419 6017 958 5142 1385 3301 1295 8607 6084 336 418
16 8803 6058 6392 98 7135 4245 2652 7794 8316 3121 7715 680 8344 7798 4902 8824
13 69 1723 9795 3807 4587 506 1146 1836 2707 2672 1694 2005 1022
21 3544 6645 4705 3122 9158 1891 6850 6298 2407 1535 2763 5357 7431 5354 8151 776 7983 5232 6792 242 8569
14 4482 511 6023 8412 5260 8662 8687 215 7122 5342 160 8336 4145 5931
27 4285 2338 6141 5241 930 7041 886 91 5291 7712 671 5519 5957 8214 4045 1741 3748 2268 1446 2350 8829 8201 5153 4530 229 8825 4040
27 8816 9634 3915 8747 8806 3839 4776 7915 2108 5366 2979 9368 7971 1629 6854 2360 5635 7659 1678 3506 736 4442 5560 5657 8636 5896 1562
26 1997 9289 7174 7548 5866 3793 7380 5941 7749 5962 9333 9234 3757 6129 1572 5822 1621 7412 8409 868 5414 4308 5331 7219 2227 4354
17 4107 7277 9202 1557 7477 1725 1436 382 8339 508 3776 9237 1566 5168 2646 701 9723
11 935 7193 5409 2119 8303 1129 8084 662 5435 9387 3857
24 6069 2245 8940 161 3583 5539 8938 5764 582 388 698 9933 4954 1382 5392 1806 8734 3922 182 9365 8877 6964 4671 1300
29 9254 119 6563 2651 9610 2585 3636 348 9836 1774 9300 3443 352 9460 8293 7016 8692 8244 2454 888 8315 2010 324 8451 4769 9507 3787 8152 3698
15 4733 4938 3453 1311 2362 1412 3326 2234 3225 6725 6323 3591 8523 4923 6675
29 4050 3445 8035 2304 1644 9288 3466 3181 7755 3070 3295 4477 5083 275 6331 2052 6249 9534 5961 3048 8836 3954 5542 2022 6933 1938 6955 4133 2862
15 5566 1503 3740 7692 1565 6197 9171 272 1679 9474 9593 3997 9724 5985 5471
13 3938 9511 4411 1085 4464 4229 3563 5926 783 9296 430 4790 9304
14 497 4205 1381 4361 7368 3899 3283 4783 797 70 3522 9792 5588 5111
20 9625 5012 9179 7808 4441 5279 9478 5486 4330 1583 7340 4060 7488 1807 3927 3296 5084 7154 443 1015
33 4782 1102 8379 6213 9195 9923 4858 5187 7366 5323 1232 1317 3501 7769 2756 6422 8916 7531 4621 754 5840 5997 6394 9250 5096 6291 5515 9336 7831 6840 7257 6439 1207
14 2934 6575 1755 494 3230 4465 5762 2096 7702 3480 472 635 3110 7302
6 830 5351 8034 2686 853 4887
14 3783 3840 7464 3955 6347 4166 8317 6999 755 3733 3633 2806 6993 8789
12 656 982 354 9044 6184 6355 2127 762 3256 8265 322 3097
11 7444 8875 3660 2894 5157 7158 8223 7242 6226 3407 8278
15 1873 5107 9497 7558 1496 425 5076 7873 3211 9240 2866 8726 2322 1191 4158
13 8192 1533 6640 522 6760 5972 4081 3567 421 4510 1359 9747 3617
28 4115 6438 8768 8188 578 8827 5100 2884 4699 2417 2156 357 6167 1302 2680 6679 6211 2471 191 2029 3914 7184 6976 532 4778 9178 3838 3380
22 4141 6173 7263 9948 7169 3190 8194 2741 6737 4209 8906 3508 7930 6531 3548 9984 2767 8948 2847 1701 9749 7356
21 266 4291 4139 2981 2910 2790 6925 2882 5481 3142 2027 8661 6668 5754 8663 6401 1462 7052 1001 1825 8898
11 4520 6297 3553 520 9835 5085 276 87 2392 9893 8330
31 3616 7698 8955 3082 8191 942 8118 6013 3394 8173 8413 1747 385 5061 2154 6785 6774 7908 6014 4187 2014 1754 452 1440 1848 8866 7069 1829 7251 2953 8138
26 3398 6402 9684 1862 4274 2527 9566 2033 9103 1383 7939 3449 3689 1666 5469 404 2980 2807 1234 787 598 5714 2326 4129 5408 3069
24 2982 2181 7901 102 7276 4300 4623 9054 8220 6243 2766 3509 3173 173 2398 7063 6171 3844 9594 2621 528 2699 2872 3705
21 9450 8831 4065 938 490 7508 8562 9983 8025 1756 9348 9704 7072 8668 752 9644 4952 836 5669 8080 6348
11 9314 8445 2171 3117 2383 987 9000 2924 9268 4710 1000
25 8681 4659 1222 1281 772 97 1004 8007 9652 7520 7914 3796 2506 3982 4263 1554 5965 2443 4333 1919 504 7390 5044 7039 8171
13 1863 233 7560 9780 2931 3031 735 1373 460 3151 6194 8751 4325
27 32 5783 2900 8609 8176 704 3896 967 3722 8911 9462 8646 6820 5175 8307 1253 7421 9094 4458 2050 6145 2914 4771 4383 424 3825 8232
27 4396 7922 9576 2355 9561 6659 5907 106 9027 6165 5247 361 9767 7781 3374 2678 184 3956 4993 9051 8460 6176 1084 2888 8411 8870 4662
17 6739 9064 7494 1143 3788 5164 2752 416 8619 7343 5203 6330 7954 5798 7597 8106 1972
15 1684 4652 7284 25 1730 6837 9615 3769 6768 9269 5575 86 5652 5825 7851
11 378 4862 8529 9458 5879 1589 65 4654 6713 2955 9287
8 8071 301 790 8352 9396 9227 390 8423
7 8368 5601 6639 6026 9475 8378 5091
14 6119 7438 1023 6972 5447 2331 2824 8724 3303 3094 3456 8622 5269 9906
28 4704 7856 3057 3669 4147 4607 7361 1470 5026 4344 9228 8153 3339 1468 8593 7550 3217 7326 2871 8977 1380 2194 1793 1356 4054 8053 4378 5726
7 2060 3435 8306 3848 4683 2926 480
28 1465 9538 6244 1215 6082 9156 4282 7920 2835 9758 5023 2861 7949 8746 8873 9709 1444 5220 1096 1238 5640 8117 4763 8452 3337 6087 6750 410
25 6398 1046 3970 6336 5830 8761 2599 9479 742 8813 8325 3599 7505 7800 8608 7826 7388 4178 7752 6368 3715 3780 1976 7937 9637
25 2952 4171 9375 7595 1910 4555 542 7422 708 880 9159 9490 6970 3673 5966 8763 3336 9403 4373 9994 2582 9648 6769 548 6467
6 4914 6537 629 4792 3648 4027
23 376 475 8652 1902 230 6106 1638 5684 4625 5166 8851 7835 8752 9667 4508 3595 296 9669 3716 1633 9909 5415 757
19 8236 4544 4595 2954 4244 3434 1907 1458 2901 9033 2045 5309 6556 4198 3141 484 1612 2565 2445
19 241 1349 8190 8485 8742 9481 6930 9496 8876 1391 5702 399 1981 3751 6362 1858 6646 7439 9803
9 4318 9832 8671 9731 2558 4966 9632 1943 2758
17 4450 636 6491 5356 1639 4326 5221 4712 8294 6229 6995 6564 5634 3945 2152 78 9765
27 9037 646 6618 4089 254 6460 3499 6140 3210 1668 9727 1310 2837 5993 496 6117 7033 3920 651 4367 9339 1928 8260 5159 1006 5697 5407
23 992 552 6809 6196 3532 4270 9655 7275 2370 9292 2241 3261 4219 5929 6758 7866 7961 5261 8709 2761 2197 6065 1190
20 6048 3958 1079 4605 8101 572 6367 403 9789 3909 4125 5730 3102 4903 7853 5729 3344 1719 7852 9693
16 986 6871 3784 5553 3297 6108 9786 8479 927 6354 6555 5633 3863 5253 1076 3812
21 1845 3169 1779 2105 4068 3877 594 7250 9969 2282 3960 3777 9029 5950 2625 110 7023 3971 9876 148 8959
23 5751 8555 9570 843 9151 7501 1198 3182 1681 8148 4096 223 8935 9762 1268 2858 5229 3143 4287 7068 3749 900 8001
24 8854 6182 2473 5861 4397 1944 202 7935 7967 1702 7552 4992 9748 5660 9352 7583 5448 9302 5521 4193 3441 2487 8913 5857
17 4854 7816 5014 2374 7729 5709 2359 723 8975 5898 9760 4735 1837 9831 3880 1437 4186
25 5263 896 5838 3393 7761 244 5844 8793 5072 814 2396 2943 3087 4737 5139 5195 1574 6351 344 3561 7358 4252 8658 9878 590
11 6101 5287 2453 2477 1459 8605 2131 7625 2203 2321 8744
3 2751 9293 7433
21 5433 2217 3418 2930 3785 3429 6374 2386 3085 5169 8431 7865 4739 2602 7699 1736 1763 5581 1751 7496 2252
13 7759 6009 9858 7684 7947 6250 1279 7845 4261 5616 1366 9067 616
16 8112 3778 9070 5070 4924 990 9136 2104 3973 4407 7101 5302 8215 2549 6846 3367
30 3366 4986 2578 4331 6946 833 7614 724 8760 7231 3498 8993 8863 6643 841 4234 2834 4468 7518 8114 1940 9243 9427 5065 2196 9953 1636 7374 4319 8957
11 8615 9737 4249 7075 4052 3488 9614 9993 5390 1887 4861
9 6512 7448 1768 8968 4427 6612 5935 9770 4987
34 169 6814 5043 3482 6593 6248 2040 6519 1692 8261 8296 3710 9420 3894 6862 1988 1396 1979 8107 4175 968 7589 466 5122 4728 8677 9007 7087 5119 8884 9577 3860 8098 5244
9 9410 633 1256 7613 7844 7437 2564 1089 8371
16 422 5853 9564 4744 516 4642 9141 5305 4394 3874 8974 6240 7626 6219 2068 2528
24 6024 7916 9263 9075 711 2115 1504 2315 8481 5610 4620 7222 8286 3212 2489 4708 1103 5546 8281 4580 3889 2490 8740 8002
11 8367 1319 9148 4341 3282 7841 8230 6285 2940 9717 5147
20 751 6222 2648 2082 2958 9785 9987 4698 379 1933 9588 7106 7995 9787 9189 4702 8043 948 4996 8375
22 225 9127 7118 9035 7010 1752 3859 3269 1431 4168 9607 6682 693 8417 1321 5000 756 6958 4994 9775 5363 3012
26 8259 9742 3205 8266 5792 9741 5559 6326 4805 6308 8283 1053 5005 8354 1775 5421 3189 3350 7305 2827 2460 8012 5728 6779 2172 6514
19 5628 1494 6698 353 799 5632 883 581 5217 7521 7890 5509 5664 2775 3653 5429 2697 8722 7181
24 9710 4713 178 9645 2220 4685 5041 8764 3714 9006 5675 3010 1870 4775 6600 631 2259 6057 8541 706 8372 4759 2138 7537
23 8642 1631 775 8804 9812 6672 7037 9441 3454 5314 433 9506 8958 2242 4810 5550 4551 5683 2349 6074 9591 4726 9499
12 7245 3513 4696 1455 7984 8719 1442 4180 349 1703 6621 3388
16 2696 2919 4021 4256 9962 4594 6751 9038 4014 1061 1225 5591 1147 828 8641 7201
4 6133 7555 8510 2053
17 2852 3952 2867 1791 1008 6178 624 2546 7872 2137 2560 9009 574 6175 5056 3355 8000
24 9134 9842 7134 8263 3843 3657 384 3630 3598 3361 8887 7400 4701 6891 5750 3254 3727 3934 2608 8519 4553 818 6623 7112
22 8167 2665 6805 5824 1364 6882 7271 8976 4851 3574 3455 1224 8347 875 2403 125 4025 5121 7600 3134 7766 6185
10 4017 1062 1263 5915 8801 4113 3127 4499 2633 1555
26 1613 8243 546 2906 8631 8072 3271 4365 5191 8871 6081 6880 8469 5947 5905 1975 7199 7893 2136 7258 6796 2779 73 2819 9484 6063
28 921 2673 8075 8945 9859 9584 6566 8125 3691 5163 9630 1597 9111 6030 5527 7333 9248 8805 2381 6899 4753 333 8683 4097 131 7038 2691 8874
13 2385 1511 4063 5526 4838 3056 1617 5270 1467 7888 7228 7524 4931
21 3775 5579 2706 871 8534 5694 4569 1283 9653 5115 7925 5577 2003 1953 2347 9147 3265 9454 343 4695 4296
14 6570 1169 1109 3867 9928 6657 9155 8150 6833 1921 5258 2311 2183 978
14 5837 1441 6597 876 9298 9270 5134 8432 214 2004 9017 5117 7204 8994
3 6132 1745 5903
9 2126 2675 1738 1710 1299 1844 4823 526 9430
20 1968 7746 177 4888 4031 9701 9823 6579 1532 8610 5340 8166 8268 3130 3241 5999 1956 3791 7288 4374
11 4034 8970 2292 8987 6864 7987 6921 7453 1599 9721 1652
14 9466 6784 2667 4528 4934 51 7241 1158 307 5047 5499 3279 6273 1038
21 3530 5782 5725 6839 6772 9882 2116 8361 2611 2025 8399 9966 1590 5276 6673 2637 2908 7938 3518 9522 2615
12 7171 8737 3373 5899 1831 9272 1330 8027 6389 1525 50 7581
13 6893 2240 8695 3157 5021 249 1519 6823 5943 2700 7076 2191 1545
25 6407 7693 2948 8312 4832 8767 5310 543 7529 3813 2584 1450 4370 5105 1358 9358 5776 411 6209 6546 1454 1195 3500 7617 2200
24 4664 2260 8686 8585 7931 6865 3753 2395 678 1402 9205 9447 6339 9244 6253 4201 26 3034 6599 4375 3324 2499 3836 5443
9 3729 6276 3736 6408 4991 1216 4220 7676 2878
12 3364 1475 9031 5451 7629 3845 9264 6513 2892 5738 8553 7405
22 9846 444 8028 9160 6488 7132 5216 1394 1197 2768 5484 2092 6314 3744 2723 4463 6770 5024 1641 7175 3886 1456
19 1422 2107 1799 9694 9934 1911 7440 6898 4323 6863 1057 8258 1485 7018 6027 9049 9350 4160 2677
24 156 5994 6179 4111 9838 5995 4840 6156 7786 4100 2918 7592 809 5185 6501 7839 6373 6959 4479 7485 4156 638 6271 5275
19 1189 1211 138 2164 8901 6059 5801 3924 9929 7137 4573 6947 6037 3834 7127 2067 5705 9967 4241
25 9265 2275 377 3986 6908 4121 1320 5590 8362 2757 547 132 4619 6100 7308 3831 7029 140 1398 7739 3658 6573 6257 8797 7036
24 5713 8694 7048 6121 5933 4651 1960 8547 6604 9073 8390 4789 4730 9895 9683 2168 6256 3942 9434 176 9032 3571 1602 3043
14 7941 252 7415 4224 1875 9722 6983 4590 4290 3389 8031 8299 2798 766
18 5576 175 7805 5160 6067 3584 2921 4046 9418 3923 2730 5149 3335 729 6723 6148 8321 3969
14 2797 4130 5847 7894 2179 3672 5567 3174 67 5969 4554 2221 9281 7223
21 5405 8953 3851 897 408 1551 232 863 5292 6667 5589 7675 7756 7892 8508 983 5439 327 7001 899 1425
27 6971 6188 3133 7515 5700 387 536 7823 8159 5074 4093 5565 6798 3628 9183 5186 2532 8241 8045 6447 7317 3683 555 6788 2193 9663 6665
9 7309 147 7078 4072 6085 6708 1145 4890 4646
11 6172 8956 4302 4907 8450 133 3494 9224 7782 8402 5446
10 5116 3622 8782 4561 6515 5812 7079 2618 3929 8861
3 7988 1433 9377
3 9763 7233 3861
21 553 4236 7080 2467 2670 537 545 1042 2991 9659 1298 2701 7084 6797 6666 8561 7310 5609 3042 2529 9990
3 1160 6344 1855
27 4724 3203 5835 9623 5219 2938 8542 4426 4669 6391 8545 4217 9725 9389 6988 2863 9959 2545 3600 5075 8295 6941 8076 8195 4968 2604 6260
27 9809 9975 485 1220 7829 9328 2402 355 7570 2437 7507 2501 732 9470 8439 2051 2256 4681 5199 4298 8092 9154 4230 1764 6631 6534 8154
8 5087 3901 8407 893 7383 1737 1167 7522
7 9505 1785 9519 5505 6889 7460 4338
10 7457 599 8373 1539 8193 7384 3406 7990 1559 7185
11 9249 8986 4534 5585 1893 1586 5361 9776 8690 6096 2276
11 9952 9019 5197 1526 6700 3002 5846 2554 1426 251 8939
22 6237 1912 4117 1429 4866 5878 9508 2153 5904 1094 288 3764 291 9898 911 1585 6396 937 5637 8083 263 8480
20 8996 4981 9433 561 2142 4777 363 5639 745 192 2801 6860 2083 5894 1607 1549 5797 7758 5362 6227
25 7445 5009 6746 463 8620 7176 8872 5733 6149 7327 9080 4038 4362 3214 5259 8287 8537 1397 7623 1014 3520 4578 6445 770 8377
24 7066 1338 2568 15 9968 9421 9077 9351 6683 6282 4874 3963 5496 5 7963 2405 9715 8142 3109 9891 5718 1185 9198 8210
10 461 7569 2702 193 6885 2694 6873 5911 4329 3755
15 6476 934 2885 9106 6379 9321 6883 8544 8470 2479 6565 8297 8643 7942 4818
12 8506 8023 8502 8826 6963 689 4044 5780 9063 4556 7410 5571
24 5809 8239 7296 6290 4266 5167 2364 7062 3521 7047 7030 9791 6506 4312 4896 5277 2976 2389 9343 5333 535 4577 3781 9545
21 3675 396 4247 6677 3469 9299 4075 2765 2850 972 5016 6072 4151 5346 2522 7157 4640 9241 6364 1813 8147
22 1521 2072 8229 1282 1871 2037 887 4512 6838 2447 4259 9688 5638 517 3248 6440 7218 3023 4506 7751 8532 224
18 4328 7903 4802 9908 1914 929 3805 7815 33 420 3125 8015 2833 8611 7565 4977 7057 5543
20 1101 8869 3146 1584 7998 8830 6325 4722 9902 3738 6225 5820 5129 8567 2101 1658 1683 9714 9552 5293
21 7837 8062 8820 7407 6157 3534 857 9213 940 1816 6553 1811 4917 848 1068 4626 488 9642 962 3238 142
23 6098 5064 4734 4711 130 6888 8437 42 8954 7598 4360 9386 9108 912 6812 8304 1060 2728 8386 1677 1290 7183 4324
21 6962 8103 7843 9896 9085 90 183 6376 1229 4386 6047 3353 4182 8095 2310 8249 4445 8255 1909 3626 5173
10 6902 7830 6161 1592 4675 5210 6583 8468 4091 3533
20 1620 5465 1188 4087 1308 800 405 2854 5171 6382 7725 4132 1362 3581 5845 4670 4267 7997 6453 5884
16 2110 4784 9319 3135 5391 9079 2263 5165 2063 3516 9826 5643 6535 2182 5977 7899
23 1257 5770 7724 2874 8904 1716 4279 4549 6459 8963 2309 4033 3342 2237 9501 9808 2685 2249 6019 7818 2032 8122 9536
12 4969 3228 1466 6571 6452 6655 6038 5548 4529 3088 2055 3458
23 7143 2366 8212 282 7021 3645 6042 2859 2205 9416 1125 6636 4548 6372 8985 9057 3460 8931 1927 5348 2666 557 8941
9 4989 4159 4772 8745 1471 3747 3395 9740 737
28 2515 4353 6909 2023 8225 9800 7594 5523 7007 4487 5411 2084 9175 9318 6105 3935 4102 5670 3815 8729 5759 705 5322 3113 6624 7283 5865 8618
16 9817 1947 9950 692 8549 619 5708 7142 1989 7720 2876 850 4122 3111 5467 8850
15 3735 9238 9810 3139 3216 1538 3881 5893 5518 2354 287 2120 3252 7568 4649
1 5441
16 4895 3044 2125 9917 8798 4539 8003 4809 1890 4015 486 3957 4240 9210 2964 3619
22 5967 6562 1861 7791 6816 9774 999 5106 6590 8495 7517 3401 6144 4740 2267 5789 6472 4447 4390 2289 8527 1923
18 6582 4314 2332 527 7363 7403 8115 9435 450 5945 236 1126 7828 8522 1379 2886 1156 3975
5 2412 8264 2269 447 1808
2 4206 4796
6 5001 1930 4358 7502 9658 7206
3 1376 5821 9573
19 7234 365 7334 1715 7009 3919 1469 4597 9060 2283 3472 9356 6936 8849 4611 6233 4731 8927 7784
23 7564 2907 9219 1980 8693 5301 3404 2414 8656 8127 9113 604 4960 7644 1099 3306 9521 4061 7833 5150 7244 5855 7115
11 523 9370 3278 7147 5207 7151 1939 6458 906 8350 4650
19 4653 1896 7045 5386 10 2710 7285 7543 7976 3873 3004 5648 785 3835 2114 1987 3890 2134 5273
4 7207 3314 76 1159
9 9082 1922 1795 885 185 6817 2133 3287 7252
20 9526 5998 6596 3925 3550 4429 1065 909 2950 5080 7703 9275 9414 1401 8639 4780 4972 6441 3478 6073
13 6393 7392 3328 6857 5256 194 8492 974 4430 5420 2483 7128 7760
20 1051 9687 7091 4921 37 6332 186 2607 3756 28 6224 1162 5053 4146 2262 314 9958 7539 2300 5225
24 8664 9881 5201 2 2151 1047 2947 6281 8250 5805 2587 4148 9713 7970 6890 2624 743 2358 8685 5613 4911 9013 1003 7111
12 8401 310 9674 1517 3095 9873 8488 1161 2312 3417 8666 5224
7 1067 5889 3671 2822 8770 2208 5939
12 8033 8444 6641 5380 6692 5734 9989 2619 4275 7377 6322 1713
10 3790 2846 4104 7587 1783 278 7260 1027 5334 3588
6 2989 7654 9015 1037 9245 7621
13 3505 7754 4821 2580 8599 9788 9122 4765 7426 5316 8389 4563 2922
